<component name="libraryTable">
  <library name="JUnit" type="repository">
    <properties maven-id="org.junit.jupiter:junit-jupiter:5.6.0" />
    <CLASSES>
      <root url="jar://$PROJECT_DIR$/lib/JUnit/junit-jupiter-5.6.0.jar!/" />
      <root url="jar://$PROJECT_DIR$/lib/JUnit/junit-jupiter-api-5.6.0.jar!/" />
      <root url="jar://$PROJECT_DIR$/lib/JUnit/apiguardian-api-1.1.0.jar!/" />
      <root url="jar://$PROJECT_DIR$/lib/JUnit/opentest4j-1.2.0.jar!/" />
      <root url="jar://$PROJECT_DIR$/lib/JUnit/junit-platform-commons-1.6.0.jar!/" />
      <root url="jar://$PROJECT_DIR$/lib/JUnit/junit-jupiter-params-5.6.0.jar!/" />
      <root url="jar://$PROJECT_DIR$/lib/JUnit/junit-jupiter-engine-5.6.0.jar!/" />
      <root url="jar://$PROJECT_DIR$/lib/JUnit/junit-platform-engine-1.6.0.jar!/" />
    </CLASSES>
    <JAVADOC>
      <root url="jar://$PROJECT_DIR$/lib/JUnit/junit-jupiter-5.6.0-javadoc.jar!/" />
      <root url="jar://$PROJECT_DIR$/lib/JUnit/junit-jupiter-api-5.6.0-javadoc.jar!/" />
      <root url="jar://$PROJECT_DIR$/lib/JUnit/apiguardian-api-1.1.0-javadoc.jar!/" />
      <root url="jar://$PROJECT_DIR$/lib/JUnit/opentest4j-1.2.0-javadoc.jar!/" />
      <root url="jar://$PROJECT_DIR$/lib/JUnit/junit-platform-commons-1.6.0-javadoc.jar!/" />
      <root url="jar://$PROJECT_DIR$/lib/JUnit/junit-jupiter-params-5.6.0-javadoc.jar!/" />
      <root url="jar://$PROJECT_DIR$/lib/JUnit/junit-jupiter-engine-5.6.0-javadoc.jar!/" />
      <root url="jar://$PROJECT_DIR$/lib/JUnit/junit-platform-engine-1.6.0-javadoc.jar!/" />
    </JAVADOC>
    <SOURCES />
  </library>
</component>